<?xml version="1.0" encoding="UTF-8"?>
<!-- Generated by org.testng.reporters.JUnitXMLReporter -->
<testsuite ignored="2" hostname="DESKTOP-L8P3AKT" failures="0" tests="2" name="Default test" time="678.2" errors="0" timestamp="2022-07-26T17:38:16 IST">
  <testcase classname="com.crm.qa.testcases.ContactsPageTest" name="createNewContactTest" time="15.007"/>
  <testcase classname="com.crm.qa.testcases.ContactsPageTest" name="createNewContactTest" time="15.946"/>
  <testcase classname="com.crm.qa.testcases.ContactsPageTest" name="selectContact" time="0.0">
    <ignored/>
  </testcase> <!-- selectContact -->
  <testcase classname="com.crm.qa.testcases.ContactsPageTest" name="verifyContactPageLabelTest" time="0.0">
    <ignored/>
  </testcase> <!-- verifyContactPageLabelTest -->
</testsuite> <!-- Default test -->
