<?xml version="1.0" encoding="UTF-8"?>
<testng-results ignored="2" total="4" passed="2" failed="0" skipped="0">
  <reporter-output>
  </reporter-output>
  <suite started-at="2022-07-26T17:26:57 IST" name="Default suite" finished-at="2022-07-26T17:38:16 IST" duration-ms="678200">
    <groups>
    </groups>
    <test started-at="2022-07-26T17:26:57 IST" name="Default test" finished-at="2022-07-26T17:38:16 IST" duration-ms="678200">
      <class name="com.crm.qa.testcases.ContactsPageTest">
        <test-method is-config="true" signature="setUp()[pri:0, instance:com.crm.qa.testcases.ContactsPageTest@58cbafc2]" started-at="2022-07-26T17:36:04 IST" name="setUp" finished-at="2022-07-26T17:36:41 IST" duration-ms="37035" status="PASS">
          <reporter-output>
          </reporter-output>
        </test-method> <!-- setUp -->
        <test-method signature="createNewContactTest(java.lang.String,java.lang.String,java.lang.String,java.lang.String,java.lang.String,java.lang.String,java.lang.String,java.lang.String)[pri:3, instance:com.crm.qa.testcases.ContactsPageTest@58cbafc2]" started-at="2022-07-26T17:36:41 IST" name="createNewContactTest" data-provider="getCRMTestData" finished-at="2022-07-26T17:36:56 IST" duration-ms="15007" status="PASS">
          <params>
            <param index="0">
              <value>
                <![CDATA[Akash]]>
              </value>
            </param>
            <param index="1">
              <value>
                <![CDATA[Muli]]>
              </value>
            </param>
            <param index="2">
              <value>
                <![CDATA[amuli@asd.com]]>
              </value>
            </param>
            <param index="3">
              <value>
                <![CDATA[Lead]]>
              </value>
            </param>
            <param index="4">
              <value>
                <![CDATA[New]]>
              </value>
            </param>
            <param index="5">
              <value>
                <![CDATA[China]]>
              </value>
            </param>
            <param index="6">
              <value>
                <![CDATA[China]]>
              </value>
            </param>
            <param index="7">
              <value>
                <![CDATA[6.45487987E8]]>
              </value>
            </param>
          </params>
          <reporter-output>
          </reporter-output>
        </test-method> <!-- createNewContactTest -->
        <test-method is-config="true" signature="TearDown()[pri:0, instance:com.crm.qa.testcases.ContactsPageTest@58cbafc2]" started-at="2022-07-26T17:36:56 IST" name="TearDown" finished-at="2022-07-26T17:36:57 IST" duration-ms="1009" status="PASS">
          <reporter-output>
          </reporter-output>
        </test-method> <!-- TearDown -->
        <test-method is-config="true" signature="setUp()[pri:0, instance:com.crm.qa.testcases.ContactsPageTest@58cbafc2]" started-at="2022-07-26T17:36:57 IST" name="setUp" finished-at="2022-07-26T17:37:18 IST" duration-ms="20390" status="PASS">
          <reporter-output>
          </reporter-output>
        </test-method> <!-- setUp -->
        <test-method signature="createNewContactTest(java.lang.String,java.lang.String,java.lang.String,java.lang.String,java.lang.String,java.lang.String,java.lang.String,java.lang.String)[pri:3, instance:com.crm.qa.testcases.ContactsPageTest@58cbafc2]" started-at="2022-07-26T17:37:18 IST" name="createNewContactTest" data-provider="getCRMTestData" finished-at="2022-07-26T17:37:34 IST" duration-ms="15946" status="PASS">
          <params>
            <param index="0">
              <value>
                <![CDATA[Sunil]]>
              </value>
            </param>
            <param index="1">
              <value>
                <![CDATA[Bandi]]>
              </value>
            </param>
            <param index="2">
              <value>
                <![CDATA[subandi@asd.com]]>
              </value>
            </param>
            <param index="3">
              <value>
                <![CDATA[Customer]]>
              </value>
            </param>
            <param index="4">
              <value>
                <![CDATA[Active]]>
              </value>
            </param>
            <param index="5">
              <value>
                <![CDATA[UAE]]>
              </value>
            </param>
            <param index="6">
              <value>
                <![CDATA[United Arab Emirates]]>
              </value>
            </param>
            <param index="7">
              <value>
                <![CDATA[7.85464313E8]]>
              </value>
            </param>
          </params>
          <reporter-output>
          </reporter-output>
        </test-method> <!-- createNewContactTest -->
        <test-method is-config="true" signature="TearDown()[pri:0, instance:com.crm.qa.testcases.ContactsPageTest@58cbafc2]" started-at="2022-07-26T17:37:34 IST" name="TearDown" finished-at="2022-07-26T17:37:34 IST" duration-ms="925" status="PASS">
          <reporter-output>
          </reporter-output>
        </test-method> <!-- TearDown -->
      </class> <!-- com.crm.qa.testcases.ContactsPageTest -->
    </test> <!-- Default test -->
  </suite> <!-- Default suite -->
</testng-results>
