<?xml version="1.0" encoding="UTF-8"?>
<testng-results ignored="0" total="4" passed="4" failed="0" skipped="0">
  <reporter-output>
  </reporter-output>
  <suite started-at="2022-07-11T17:29:59 IST" name="PomTest Project Automation Test Suite" finished-at="2022-07-11T17:31:45 IST" duration-ms="106471">
    <groups>
    </groups>
    <test started-at="2022-07-11T17:29:59 IST" name="PomTest Project Test" finished-at="2022-07-11T17:31:45 IST" duration-ms="106471">
      <class name="com.crm.qa.testcases.ContactsPageTest">
        <test-method is-config="true" signature="setUp()[pri:0, instance:com.crm.qa.testcases.ContactsPageTest@543295b0]" started-at="2022-07-11T17:29:59 IST" name="setUp" finished-at="2022-07-11T17:30:19 IST" duration-ms="20190" status="PASS">
          <reporter-output>
          </reporter-output>
        </test-method> <!-- setUp -->
        <test-method signature="verifyContactPageLabelTest()[pri:1, instance:com.crm.qa.testcases.ContactsPageTest@543295b0]" started-at="2022-07-11T17:30:19 IST" name="verifyContactPageLabelTest" finished-at="2022-07-11T17:30:22 IST" duration-ms="3109" status="PASS">
          <reporter-output>
          </reporter-output>
        </test-method> <!-- verifyContactPageLabelTest -->
        <test-method is-config="true" signature="TearDown()[pri:0, instance:com.crm.qa.testcases.ContactsPageTest@543295b0]" started-at="2022-07-11T17:30:22 IST" name="TearDown" finished-at="2022-07-11T17:30:23 IST" duration-ms="845" status="PASS">
          <reporter-output>
          </reporter-output>
        </test-method> <!-- TearDown -->
        <test-method is-config="true" signature="setUp()[pri:0, instance:com.crm.qa.testcases.ContactsPageTest@543295b0]" started-at="2022-07-11T17:30:23 IST" name="setUp" finished-at="2022-07-11T17:30:39 IST" duration-ms="15964" status="PASS">
          <reporter-output>
          </reporter-output>
        </test-method> <!-- setUp -->
        <test-method signature="selectContact()[pri:2, instance:com.crm.qa.testcases.ContactsPageTest@543295b0]" started-at="2022-07-11T17:30:39 IST" name="selectContact" finished-at="2022-07-11T17:30:41 IST" duration-ms="1759" status="PASS">
          <reporter-output>
          </reporter-output>
        </test-method> <!-- selectContact -->
        <test-method is-config="true" signature="TearDown()[pri:0, instance:com.crm.qa.testcases.ContactsPageTest@543295b0]" started-at="2022-07-11T17:30:41 IST" name="TearDown" finished-at="2022-07-11T17:30:42 IST" duration-ms="984" status="PASS">
          <reporter-output>
          </reporter-output>
        </test-method> <!-- TearDown -->
        <test-method is-config="true" signature="setUp()[pri:0, instance:com.crm.qa.testcases.ContactsPageTest@543295b0]" started-at="2022-07-11T17:30:44 IST" name="setUp" finished-at="2022-07-11T17:31:04 IST" duration-ms="20597" status="PASS">
          <reporter-output>
          </reporter-output>
        </test-method> <!-- setUp -->
        <test-method signature="createNewContactTest(java.lang.String,java.lang.String,java.lang.String,java.lang.String,java.lang.String,java.lang.String,java.lang.String,java.lang.String)[pri:3, instance:com.crm.qa.testcases.ContactsPageTest@543295b0]" started-at="2022-07-11T17:31:04 IST" name="createNewContactTest" data-provider="getCRMTestData" finished-at="2022-07-11T17:31:17 IST" duration-ms="12596" status="PASS">
          <params>
            <param index="0">
              <value>
                <![CDATA[Akash]]>
              </value>
            </param>
            <param index="1">
              <value>
                <![CDATA[Muli]]>
              </value>
            </param>
            <param index="2">
              <value>
                <![CDATA[amuli@asd.com]]>
              </value>
            </param>
            <param index="3">
              <value>
                <![CDATA[Lead]]>
              </value>
            </param>
            <param index="4">
              <value>
                <![CDATA[New]]>
              </value>
            </param>
            <param index="5">
              <value>
                <![CDATA[China]]>
              </value>
            </param>
            <param index="6">
              <value>
                <![CDATA[China]]>
              </value>
            </param>
            <param index="7">
              <value>
                <![CDATA[6.45487987E8]]>
              </value>
            </param>
          </params>
          <reporter-output>
          </reporter-output>
        </test-method> <!-- createNewContactTest -->
        <test-method is-config="true" signature="TearDown()[pri:0, instance:com.crm.qa.testcases.ContactsPageTest@543295b0]" started-at="2022-07-11T17:31:17 IST" name="TearDown" finished-at="2022-07-11T17:31:18 IST" duration-ms="886" status="PASS">
          <reporter-output>
          </reporter-output>
        </test-method> <!-- TearDown -->
        <test-method is-config="true" signature="setUp()[pri:0, instance:com.crm.qa.testcases.ContactsPageTest@543295b0]" started-at="2022-07-11T17:31:18 IST" name="setUp" finished-at="2022-07-11T17:31:33 IST" duration-ms="15164" status="PASS">
          <reporter-output>
          </reporter-output>
        </test-method> <!-- setUp -->
        <test-method signature="createNewContactTest(java.lang.String,java.lang.String,java.lang.String,java.lang.String,java.lang.String,java.lang.String,java.lang.String,java.lang.String)[pri:3, instance:com.crm.qa.testcases.ContactsPageTest@543295b0]" started-at="2022-07-11T17:31:33 IST" name="createNewContactTest" data-provider="getCRMTestData" finished-at="2022-07-11T17:31:44 IST" duration-ms="11471" status="PASS">
          <params>
            <param index="0">
              <value>
                <![CDATA[Sunil]]>
              </value>
            </param>
            <param index="1">
              <value>
                <![CDATA[Bandi]]>
              </value>
            </param>
            <param index="2">
              <value>
                <![CDATA[subandi@asd.com]]>
              </value>
            </param>
            <param index="3">
              <value>
                <![CDATA[Customer]]>
              </value>
            </param>
            <param index="4">
              <value>
                <![CDATA[Active]]>
              </value>
            </param>
            <param index="5">
              <value>
                <![CDATA[UAE]]>
              </value>
            </param>
            <param index="6">
              <value>
                <![CDATA[United Arab Emirates]]>
              </value>
            </param>
            <param index="7">
              <value>
                <![CDATA[7.85464313E8]]>
              </value>
            </param>
          </params>
          <reporter-output>
          </reporter-output>
        </test-method> <!-- createNewContactTest -->
        <test-method is-config="true" signature="TearDown()[pri:0, instance:com.crm.qa.testcases.ContactsPageTest@543295b0]" started-at="2022-07-11T17:31:44 IST" name="TearDown" finished-at="2022-07-11T17:31:45 IST" duration-ms="816" status="PASS">
          <reporter-output>
          </reporter-output>
        </test-method> <!-- TearDown -->
      </class> <!-- com.crm.qa.testcases.ContactsPageTest -->
    </test> <!-- PomTest Project Test -->
  </suite> <!-- PomTest Project Automation Test Suite -->
</testng-results>
