<?xml version="1.0" encoding="UTF-8"?>
<!-- Generated by org.testng.reporters.JUnitXMLReporter -->
<testsuite ignored="0" hostname="DESKTOP-L8P3AKT" failures="0" tests="4" name="PomTest Project Test" time="220.208" errors="0" timestamp="2022-07-24T21:32:43 IST">
  <testcase classname="com.crm.qa.testcases.ContactsPageTest" name="verifyContactPageLabelTest" time="3.106"/>
  <testcase classname="com.crm.qa.testcases.ContactsPageTest" name="selectContact" time="1.299"/>
  <testcase classname="com.crm.qa.testcases.ContactsPageTest" name="createNewContactTest" time="13.528"/>
  <testcase classname="com.crm.qa.testcases.ContactsPageTest" name="createNewContactTest" time="27.822"/>
</testsuite> <!-- PomTest Project Test -->
