<?xml version="1.0" encoding="UTF-8"?>
<!-- Generated by org.testng.reporters.JUnitXMLReporter -->
<testsuite ignored="0" hostname="DESKTOP-L8P3AKT" failures="0" tests="4" name="PomTest Project Test" time="106.471" errors="0" timestamp="2022-07-11T17:31:45 IST">
  <testcase classname="com.crm.qa.testcases.ContactsPageTest" name="verifyContactPageLabelTest" time="3.109"/>
  <testcase classname="com.crm.qa.testcases.ContactsPageTest" name="selectContact" time="1.759"/>
  <testcase classname="com.crm.qa.testcases.ContactsPageTest" name="createNewContactTest" time="12.596"/>
  <testcase classname="com.crm.qa.testcases.ContactsPageTest" name="createNewContactTest" time="11.471"/>
</testsuite> <!-- PomTest Project Test -->
